Building DAG of jobs...
Using shell: /bin/bash
Provided cores: 1 (use --cores to define parallelism)
Rules claiming more threads will be scaled down.
Job counts:
	count	jobs
	1	all
	1	ancestral
	1	export
	1	refine
	1	traits
	1	translate
	6

[Sat Nov 13 04:58:02 2021]
Job 2: 
        Refining tree
          - estimate timetree
          - use opt coalescent timescale
          - estimate marginal node dates
        

RuleException in line 45 of /nextstrain/build/Snakefile:
'Params' object has no attribute 'clock-std-dev'
